Start testing: Sep 22 07:03 BRT
----------------------------------------------------------
1/3 Testing: test1
1/3 Test: test1
Command: "/usr/bin/cmake" "-E" "compare_files" "saida01" "saida01.cmp"
Directory: /home/jeferson/ClionProjects/TrabalhoMATA54/tests
"test1" start time: Sep 22 07:03 BRT
Output:
----------------------------------------------------------
<end of output>
Test time =   0.03 sec
----------------------------------------------------------
Test Passed.
"test1" end time: Sep 22 07:03 BRT
"test1" time elapsed: 00:00:00
----------------------------------------------------------

2/3 Testing: test2
2/3 Test: test2
Command: "/usr/bin/cmake" "-E" "compare_files" "saida02" "saida02.cmp"
Directory: /home/jeferson/ClionProjects/TrabalhoMATA54/tests
"test2" start time: Sep 22 07:03 BRT
Output:
----------------------------------------------------------
<end of output>
Test time =   0.02 sec
----------------------------------------------------------
Test Passed.
"test2" end time: Sep 22 07:03 BRT
"test2" time elapsed: 00:00:00
----------------------------------------------------------

3/3 Testing: test3
3/3 Test: test3
Command: "/usr/bin/cmake" "-E" "compare_files" "saida03" "saida03.cmp"
Directory: /home/jeferson/ClionProjects/TrabalhoMATA54/tests
"test3" start time: Sep 22 07:03 BRT
Output:
----------------------------------------------------------
<end of output>
Test time =   0.02 sec
----------------------------------------------------------
Test Passed.
"test3" end time: Sep 22 07:03 BRT
"test3" time elapsed: 00:00:00
----------------------------------------------------------

End testing: Sep 22 07:03 BRT
